<?xml version="1.0" encoding="UTF-8"?>
<!-- Generated by org.testng.reporters.JUnitReportReporter -->
<testsuite hostname="LAPTOP-RRV4JK1C" failures="0" tests="1" name="homeModule.Demo" time="0.006" errors="0" timestamp="2022-11-16T11:40:21 IST" skipped="0">
  <testcase classname="homeModule.Demo" name="disp" time="0.006"/>
  <system-out/>
</testsuite> <!-- homeModule.Demo -->
